Mon May 22 2017 21:47:00 GMT-0700 (PDT): GET /solar
Mon May 22 2017 21:47:01 GMT-0700 (PDT): GET /favicon.ico
Mon May 22 2017 21:52:03 GMT-0700 (PDT): GET /solar
Mon May 22 2017 21:52:59 GMT-0700 (PDT): GET /solar
Mon May 22 2017 22:28:37 GMT-0700 (PDT): GET /solar
Mon May 22 2017 22:28:54 GMT-0700 (PDT): GET /home
Mon May 22 2017 22:28:54 GMT-0700 (PDT): GET /error
Mon May 22 2017 22:29:41 GMT-0700 (PDT): GET /solar
Mon May 22 2017 22:58:35 GMT-0700 (PDT): GET /solar/WA
Mon May 22 2017 23:05:14 GMT-0700 (PDT): GET /solar/95130
Mon May 22 2017 23:05:14 GMT-0700 (PDT): GET /solar/widget.css
Mon May 22 2017 23:05:14 GMT-0700 (PDT): GET /solar/scripts.min.js
Mon May 22 2017 23:05:46 GMT-0700 (PDT): GET /solar/95130
Mon May 22 2017 23:05:46 GMT-0700 (PDT): GET /solar/widget.css
Mon May 22 2017 23:05:46 GMT-0700 (PDT): GET /solar/scripts.min.js
Mon May 22 2017 23:05:48 GMT-0700 (PDT): GET /solar
Mon May 22 2017 23:05:58 GMT-0700 (PDT): GET /solar/WA
Mon May 22 2017 23:05:58 GMT-0700 (PDT): GET /solar/widget.css
Mon May 22 2017 23:05:58 GMT-0700 (PDT): GET /solar/scripts.min.js
Mon May 22 2017 23:06:24 GMT-0700 (PDT): GET /solar/WA
Mon May 22 2017 23:06:24 GMT-0700 (PDT): GET /solar/widget.css
Mon May 22 2017 23:06:24 GMT-0700 (PDT): GET /solar/scripts.min.js
Mon May 22 2017 23:07:07 GMT-0700 (PDT): GET /solar/WA
Mon May 22 2017 23:07:07 GMT-0700 (PDT): GET /solar/widget.css
Mon May 22 2017 23:07:07 GMT-0700 (PDT): GET /solar/scripts.min.js
Mon May 22 2017 23:07:48 GMT-0700 (PDT): GET /solar/WA
Mon May 22 2017 23:07:48 GMT-0700 (PDT): GET /solar/widget.css
Mon May 22 2017 23:07:48 GMT-0700 (PDT): GET /solar/scripts.min.js
Mon May 22 2017 23:07:51 GMT-0700 (PDT): GET /solar
Mon May 22 2017 23:08:16 GMT-0700 (PDT): GET /solar
Mon May 22 2017 23:08:18 GMT-0700 (PDT): GET /solar/WA
Mon May 22 2017 23:08:18 GMT-0700 (PDT): GET /solar/widget.css
Mon May 22 2017 23:08:18 GMT-0700 (PDT): GET /solar/scripts.min.js
Mon May 22 2017 23:08:38 GMT-0700 (PDT): GET /solar/WA
Mon May 22 2017 23:08:38 GMT-0700 (PDT): GET /solar/widget.css
Mon May 22 2017 23:08:38 GMT-0700 (PDT): GET /solar/scripts.min.js
Mon May 22 2017 23:09:03 GMT-0700 (PDT): GET /solar/WA
Mon May 22 2017 23:09:04 GMT-0700 (PDT): GET /solar/widget.css
Mon May 22 2017 23:09:04 GMT-0700 (PDT): GET /solar/scripts.min.js
Tue May 23 2017 20:49:57 GMT-0700 (PDT): GET /solar_panel/WA
Tue May 23 2017 20:49:57 GMT-0700 (PDT): GET /solar_panel/widget.css
Tue May 23 2017 20:49:57 GMT-0700 (PDT): GET /solar_panel/scripts.min.js
Tue May 23 2017 20:50:37 GMT-0700 (PDT): GET /solar_panel/WA
Tue May 23 2017 20:50:41 GMT-0700 (PDT): GET /solar/WA
Tue May 23 2017 20:50:41 GMT-0700 (PDT): GET /solar/scripts.min.js
Tue May 23 2017 20:50:41 GMT-0700 (PDT): GET /solar/widget.css
Tue May 23 2017 20:51:02 GMT-0700 (PDT): GET /solar/WA
Tue May 23 2017 20:51:02 GMT-0700 (PDT): GET /solar/widget.css
Tue May 23 2017 20:51:02 GMT-0700 (PDT): GET /solar/scripts.min.js
Tue May 23 2017 20:51:04 GMT-0700 (PDT): GET /solar/WA
Tue May 23 2017 20:51:04 GMT-0700 (PDT): GET /solar/widget.css
Tue May 23 2017 20:51:04 GMT-0700 (PDT): GET /solar/scripts.min.js
Tue May 23 2017 20:51:57 GMT-0700 (PDT): GET /solar/WA
Tue May 23 2017 20:51:57 GMT-0700 (PDT): GET /solar/widget.css
Tue May 23 2017 20:51:57 GMT-0700 (PDT): GET /solar/scripts.min.js
Tue May 23 2017 20:52:19 GMT-0700 (PDT): GET /test
Tue May 23 2017 20:52:25 GMT-0700 (PDT): GET /home
Tue May 23 2017 20:52:25 GMT-0700 (PDT): GET /error
Tue May 23 2017 20:52:42 GMT-0700 (PDT): GET /home/Wa
Tue May 23 2017 20:52:44 GMT-0700 (PDT): GET /home
Tue May 23 2017 20:52:45 GMT-0700 (PDT): GET /error
Tue May 23 2017 20:53:46 GMT-0700 (PDT): GET /solar
Tue May 23 2017 20:55:43 GMT-0700 (PDT): GET /solar/WA
Tue May 23 2017 20:55:43 GMT-0700 (PDT): GET /solar/widget.css
Tue May 23 2017 20:55:43 GMT-0700 (PDT): GET /solar/scripts.min.js
Tue May 23 2017 20:56:08 GMT-0700 (PDT): GET /solar/WA
Tue May 23 2017 20:56:08 GMT-0700 (PDT): GET /solar/widget.css
Tue May 23 2017 20:56:08 GMT-0700 (PDT): GET /solar/scripts.min.js
Tue May 23 2017 20:57:23 GMT-0700 (PDT): GET /solar/WA
Tue May 23 2017 20:57:23 GMT-0700 (PDT): GET /solar/widget.css
Tue May 23 2017 20:57:23 GMT-0700 (PDT): GET /solar/scripts.min.js
Tue May 23 2017 20:57:34 GMT-0700 (PDT): GET /solar
Tue May 23 2017 20:58:26 GMT-0700 (PDT): GET /solar/state
Tue May 23 2017 20:58:26 GMT-0700 (PDT): GET /solar/widget.css
Tue May 23 2017 20:58:26 GMT-0700 (PDT): GET /solar/scripts.min.js
Tue May 23 2017 20:59:19 GMT-0700 (PDT): GET /solar/state
Tue May 23 2017 20:59:19 GMT-0700 (PDT): GET /solar/widget.css
Tue May 23 2017 20:59:19 GMT-0700 (PDT): GET /solar/scripts.min.js
Tue May 23 2017 20:59:22 GMT-0700 (PDT): GET /solar
Tue May 23 2017 21:01:05 GMT-0700 (PDT): GET /solar
Tue May 23 2017 21:01:08 GMT-0700 (PDT): GET /solar/:wa
Tue May 23 2017 21:01:23 GMT-0700 (PDT): GET /solar/WA
Tue May 23 2017 21:01:23 GMT-0700 (PDT): GET /solar/widget.css
Tue May 23 2017 21:01:23 GMT-0700 (PDT): GET /solar/scripts.min.js
Tue May 23 2017 21:02:23 GMT-0700 (PDT): GET /solar/WA
Tue May 23 2017 21:02:23 GMT-0700 (PDT): GET /solar/widget.css
Tue May 23 2017 21:02:23 GMT-0700 (PDT): GET /solar/scripts.min.js
Tue May 23 2017 21:02:35 GMT-0700 (PDT): GET /solar
Tue May 23 2017 21:02:56 GMT-0700 (PDT): GET /solar/WA
Tue May 23 2017 21:02:56 GMT-0700 (PDT): GET /solar/widget.css
Tue May 23 2017 21:02:56 GMT-0700 (PDT): GET /solar/scripts.min.js
Tue May 23 2017 21:03:42 GMT-0700 (PDT): GET /solar
Tue May 23 2017 21:04:20 GMT-0700 (PDT): GET /solar/WA
Tue May 23 2017 21:04:20 GMT-0700 (PDT): GET /solar/widget.css
Tue May 23 2017 21:04:20 GMT-0700 (PDT): GET /solar/scripts.min.js
Tue May 23 2017 21:04:29 GMT-0700 (PDT): GET /solar/sdfds
Tue May 23 2017 21:04:29 GMT-0700 (PDT): GET /solar/widget.css
Tue May 23 2017 21:04:29 GMT-0700 (PDT): GET /solar/scripts.min.js
Tue May 23 2017 21:05:25 GMT-0700 (PDT): GET /solar
Tue May 23 2017 21:05:44 GMT-0700 (PDT): GET /solar
Tue May 23 2017 21:06:07 GMT-0700 (PDT): GET /solar/pa
Tue May 23 2017 21:06:08 GMT-0700 (PDT): GET /solar/widget.css
Tue May 23 2017 21:06:08 GMT-0700 (PDT): GET /solar/scripts.min.js
Tue May 23 2017 21:07:22 GMT-0700 (PDT): GET /solar/pa
Tue May 23 2017 21:07:23 GMT-0700 (PDT): GET /solar/widget.css
Tue May 23 2017 21:07:23 GMT-0700 (PDT): GET /solar/scripts.min.js
Tue May 23 2017 21:07:26 GMT-0700 (PDT): GET /solar/widget.css
Tue May 23 2017 21:07:38 GMT-0700 (PDT): GET /solar
Tue May 23 2017 21:07:43 GMT-0700 (PDT): GET /solar/WA
Tue May 23 2017 21:07:43 GMT-0700 (PDT): GET /solar/widget.css
Tue May 23 2017 21:07:43 GMT-0700 (PDT): GET /solar/scripts.min.js
Tue May 23 2017 21:07:45 GMT-0700 (PDT): GET /solar/
Tue May 23 2017 21:07:45 GMT-0700 (PDT): GET /solar/widget.css
Tue May 23 2017 21:07:45 GMT-0700 (PDT): GET /solar/scripts.min.js
Tue May 23 2017 21:10:50 GMT-0700 (PDT): GET /test/lolol
Tue May 23 2017 21:10:58 GMT-0700 (PDT): GET /home/lolol
Tue May 23 2017 21:10:58 GMT-0700 (PDT): GET /home/homepage.css
Tue May 23 2017 21:10:58 GMT-0700 (PDT): GET /home/header.css
Tue May 23 2017 21:10:58 GMT-0700 (PDT): GET /home/homepage.min.js
Tue May 23 2017 21:11:08 GMT-0700 (PDT): GET /home
Tue May 23 2017 21:11:08 GMT-0700 (PDT): GET /error
Tue May 23 2017 21:11:18 GMT-0700 (PDT): GET /home
Tue May 23 2017 21:11:18 GMT-0700 (PDT): GET /error
Tue May 23 2017 21:11:20 GMT-0700 (PDT): GET /home/lol
Tue May 23 2017 21:11:20 GMT-0700 (PDT): GET /home/homepage.css
Tue May 23 2017 21:11:20 GMT-0700 (PDT): GET /home/header.css
Tue May 23 2017 21:11:20 GMT-0700 (PDT): GET /home/homepage.min.js
Tue May 23 2017 21:16:58 GMT-0700 (PDT): GET /solar
Tue May 23 2017 21:17:01 GMT-0700 (PDT): GET /solar/WA
Tue May 23 2017 21:17:01 GMT-0700 (PDT): GET /solar/widget.css
Tue May 23 2017 21:17:02 GMT-0700 (PDT): GET /solar/scripts.min.js
Tue May 23 2017 21:23:33 GMT-0700 (PDT): GET /solar
Tue May 23 2017 21:26:08 GMT-0700 (PDT): GET /solar
Tue May 23 2017 21:26:33 GMT-0700 (PDT): GET /solar
Tue May 23 2017 21:28:10 GMT-0700 (PDT): GET /solar
Tue May 23 2017 21:28:31 GMT-0700 (PDT): GET /solar
Tue May 23 2017 21:28:32 GMT-0700 (PDT): GET /solar
Tue May 23 2017 21:28:59 GMT-0700 (PDT): GET /solar
Tue May 23 2017 21:29:16 GMT-0700 (PDT): GET /solar
Tue May 23 2017 21:30:53 GMT-0700 (PDT): GET /solar
Tue May 23 2017 21:33:08 GMT-0700 (PDT): GET /solar
